{"/Users/justyna/ROZNE/ReactNativeAnimations/twitter_animation_responsive/App.tsx": {"path":"/Users/justyna/ROZNE/ReactNativeAnimations/twitter_animation_responsive/App.tsx","statementMap":{"0":{"start":{"line":9,"column":42},"end":{"line":9,"column":83}},"1":{"start":{"line":11,"column":25},"end":{"line":13,"column":3}},"2":{"start":{"line":12,"column":4},"end":{"line":12,"column":49}},"3":{"start":{"line":15,"column":2},"end":{"line":21,"column":4}},"4":{"start":{"line":24,"column":15},"end":{"line":29,"column":2}}},"fnMap":{"0":{"name":"App","decl":{"start":{"line":8,"column":24},"end":{"line":8,"column":27}},"loc":{"start":{"line":8,"column":30},"end":{"line":22,"column":1}},"line":8},"1":{"name":"(anonymous_1)","decl":{"start":{"line":11,"column":25},"end":{"line":11,"column":26}},"loc":{"start":{"line":11,"column":51},"end":{"line":13,"column":3}},"line":11}},"branchMap":{},"s":{"0":1,"1":1,"2":0,"3":1,"4":1},"f":{"0":1,"1":0},"b":{},"_coverageSchema":"43e27e138ebf9cfc5966b082cf9a028302ed4184","hash":"a328533c42d4356d834f4794fbed396387b6241b"}
,"/Users/justyna/ROZNE/ReactNativeAnimations/twitter_animation_responsive/assets/images/me.jpeg": {"path":"/Users/justyna/ROZNE/ReactNativeAnimations/twitter_animation_responsive/assets/images/me.jpeg","statementMap":{"0":{"start":{"line":1,"column":0},"end":{"line":4,"column":6}}},"fnMap":{},"branchMap":{},"s":{"0":2},"f":{},"b":{},"_coverageSchema":"43e27e138ebf9cfc5966b082cf9a028302ed4184","hash":"9881e6e66a2d720e789d2a826288ced9c6ed56b5"}
,"/Users/justyna/ROZNE/ReactNativeAnimations/twitter_animation_responsive/src/Avatar.tsx": {"path":"/Users/justyna/ROZNE/ReactNativeAnimations/twitter_animation_responsive/src/Avatar.tsx","statementMap":{"0":{"start":{"line":14,"column":22},"end":{"line":34,"column":1}},"1":{"start":{"line":15,"column":83},"end":{"line":15,"column":88}},"2":{"start":{"line":17,"column":4},"end":{"line":33,"column":6}},"3":{"start":{"line":36,"column":15},"end":{"line":52,"column":2}}},"fnMap":{"0":{"name":"(anonymous_0)","decl":{"start":{"line":14,"column":22},"end":{"line":14,"column":23}},"loc":{"start":{"line":14,"column":44},"end":{"line":34,"column":1}},"line":14}},"branchMap":{},"s":{"0":2,"1":3,"2":3,"3":2},"f":{"0":3},"b":{},"_coverageSchema":"43e27e138ebf9cfc5966b082cf9a028302ed4184","hash":"f15fe2b51ba52df7a62d026fdc3afa5b219f3046"}
,"/Users/justyna/ROZNE/ReactNativeAnimations/twitter_animation_responsive/src/Header.tsx": {"path":"/Users/justyna/ROZNE/ReactNativeAnimations/twitter_animation_responsive/src/Header.tsx","statementMap":{"0":{"start":{"line":13,"column":22},"end":{"line":28,"column":1}},"1":{"start":{"line":14,"column":85},"end":{"line":14,"column":90}},"2":{"start":{"line":16,"column":4},"end":{"line":27,"column":6}},"3":{"start":{"line":30,"column":15},"end":{"line":47,"column":2}}},"fnMap":{"0":{"name":"(anonymous_0)","decl":{"start":{"line":13,"column":22},"end":{"line":13,"column":23}},"loc":{"start":{"line":13,"column":44},"end":{"line":28,"column":1}},"line":13}},"branchMap":{},"s":{"0":2,"1":3,"2":3,"3":2},"f":{"0":3},"b":{},"_coverageSchema":"43e27e138ebf9cfc5966b082cf9a028302ed4184","hash":"c1db15a397a303f3bdf3290f0d414e1da8dee161"}
,"/Users/justyna/ROZNE/ReactNativeAnimations/twitter_animation_responsive/src/MainScreen.tsx": {"path":"/Users/justyna/ROZNE/ReactNativeAnimations/twitter_animation_responsive/src/MainScreen.tsx","statementMap":{"0":{"start":{"line":10,"column":26},"end":{"line":54,"column":1}},"1":{"start":{"line":11,"column":20},"end":{"line":11,"column":51}},"2":{"start":{"line":12,"column":21},"end":{"line":12,"column":50}},"3":{"start":{"line":14,"column":24},"end":{"line":14,"column":35}},"4":{"start":{"line":22,"column":6},"end":{"line":22,"column":40}},"5":{"start":{"line":24,"column":45},"end":{"line":24,"column":73}},"6":{"start":{"line":26,"column":2},"end":{"line":53,"column":4}},"7":{"start":{"line":61,"column":15},"end":{"line":68,"column":2}}},"fnMap":{"0":{"name":"(anonymous_0)","decl":{"start":{"line":10,"column":26},"end":{"line":10,"column":27}},"loc":{"start":{"line":10,"column":32},"end":{"line":54,"column":1}},"line":10}},"branchMap":{},"s":{"0":1,"1":0,"2":0,"3":0,"4":0,"5":0,"6":0,"7":1},"f":{"0":0},"b":{},"_coverageSchema":"43e27e138ebf9cfc5966b082cf9a028302ed4184","hash":"7d98c4bc5a0e07091cbc792f521553a26274d6a6"}
,"/Users/justyna/ROZNE/ReactNativeAnimations/twitter_animation_responsive/src/animations/Animations.ts": {"path":"/Users/justyna/ROZNE/ReactNativeAnimations/twitter_animation_responsive/src/animations/Animations.ts","statementMap":{"0":{"start":{"line":28,"column":39},"end":{"line":36,"column":5}},"1":{"start":{"line":31,"column":8},"end":{"line":35,"column":10}},"2":{"start":{"line":38,"column":36},"end":{"line":46,"column":5}},"3":{"start":{"line":41,"column":8},"end":{"line":45,"column":12}},"4":{"start":{"line":48,"column":40},"end":{"line":59,"column":5}},"5":{"start":{"line":51,"column":8},"end":{"line":58,"column":12}},"6":{"start":{"line":61,"column":33},"end":{"line":69,"column":1}},"7":{"start":{"line":64,"column":4},"end":{"line":68,"column":6}},"8":{"start":{"line":71,"column":43},"end":{"line":92,"column":1}},"9":{"start":{"line":74,"column":28},"end":{"line":74,"column":57}},"10":{"start":{"line":75,"column":37},"end":{"line":75,"column":94}},"11":{"start":{"line":77,"column":4},"end":{"line":91,"column":9}},"12":{"start":{"line":94,"column":33},"end":{"line":147,"column":1}},"13":{"start":{"line":102,"column":8},"end":{"line":102,"column":42}},"14":{"start":{"line":104,"column":25},"end":{"line":108,"column":6}},"15":{"start":{"line":110,"column":22},"end":{"line":116,"column":6}},"16":{"start":{"line":118,"column":27},"end":{"line":123,"column":6}},"17":{"start":{"line":125,"column":25},"end":{"line":129,"column":6}},"18":{"start":{"line":131,"column":30},"end":{"line":138,"column":6}},"19":{"start":{"line":140,"column":4},"end":{"line":146,"column":6}}},"fnMap":{"0":{"name":"(anonymous_0)","decl":{"start":{"line":28,"column":39},"end":{"line":28,"column":40}},"loc":{"start":{"line":31,"column":8},"end":{"line":35,"column":10}},"line":31},"1":{"name":"(anonymous_1)","decl":{"start":{"line":38,"column":36},"end":{"line":38,"column":37}},"loc":{"start":{"line":41,"column":8},"end":{"line":45,"column":12}},"line":41},"2":{"name":"(anonymous_2)","decl":{"start":{"line":48,"column":40},"end":{"line":48,"column":41}},"loc":{"start":{"line":51,"column":8},"end":{"line":58,"column":12}},"line":51},"3":{"name":"(anonymous_3)","decl":{"start":{"line":61,"column":33},"end":{"line":61,"column":34}},"loc":{"start":{"line":64,"column":4},"end":{"line":68,"column":6}},"line":64},"4":{"name":"(anonymous_4)","decl":{"start":{"line":71,"column":43},"end":{"line":71,"column":44}},"loc":{"start":{"line":73,"column":37},"end":{"line":92,"column":1}},"line":73},"5":{"name":"(anonymous_5)","decl":{"start":{"line":94,"column":33},"end":{"line":94,"column":34}},"loc":{"start":{"line":94,"column":84},"end":{"line":147,"column":1}},"line":94}},"branchMap":{},"s":{"0":1,"1":0,"2":1,"3":0,"4":1,"5":0,"6":1,"7":0,"8":1,"9":0,"10":0,"11":0,"12":1,"13":0,"14":0,"15":0,"16":0,"17":0,"18":0,"19":0},"f":{"0":0,"1":0,"2":0,"3":0,"4":0,"5":0},"b":{},"_coverageSchema":"43e27e138ebf9cfc5966b082cf9a028302ed4184","hash":"ff960f4a79246f57cf033a4d923ac0e60fd44aeb"}
,"/Users/justyna/ROZNE/ReactNativeAnimations/twitter_animation_responsive/src/animations/helpers.ts": {"path":"/Users/justyna/ROZNE/ReactNativeAnimations/twitter_animation_responsive/src/animations/helpers.ts","statementMap":{"0":{"start":{"line":3,"column":35},"end":{"line":9,"column":1}},"1":{"start":{"line":4,"column":4},"end":{"line":6,"column":5}},"2":{"start":{"line":5,"column":8},"end":{"line":5,"column":18}},"3":{"start":{"line":8,"column":4},"end":{"line":8,"column":13}},"4":{"start":{"line":11,"column":34},"end":{"line":13,"column":1}},"5":{"start":{"line":12,"column":4},"end":{"line":12,"column":26}},"6":{"start":{"line":15,"column":36},"end":{"line":24,"column":1}},"7":{"start":{"line":16,"column":4},"end":{"line":23,"column":6}}},"fnMap":{"0":{"name":"(anonymous_0)","decl":{"start":{"line":3,"column":35},"end":{"line":3,"column":36}},"loc":{"start":{"line":3,"column":41},"end":{"line":9,"column":1}},"line":3},"1":{"name":"(anonymous_1)","decl":{"start":{"line":11,"column":34},"end":{"line":11,"column":35}},"loc":{"start":{"line":11,"column":54},"end":{"line":13,"column":1}},"line":11},"2":{"name":"(anonymous_2)","decl":{"start":{"line":15,"column":36},"end":{"line":15,"column":37}},"loc":{"start":{"line":15,"column":62},"end":{"line":24,"column":1}},"line":15}},"branchMap":{"0":{"loc":{"start":{"line":4,"column":4},"end":{"line":6,"column":5}},"type":"if","locations":[{"start":{"line":4,"column":4},"end":{"line":6,"column":5}},{"start":{"line":4,"column":4},"end":{"line":6,"column":5}}],"line":4}},"s":{"0":1,"1":0,"2":0,"3":0,"4":1,"5":0,"6":1,"7":0},"f":{"0":0,"1":0,"2":0},"b":{"0":[0,0]},"_coverageSchema":"43e27e138ebf9cfc5966b082cf9a028302ed4184","hash":"6b037af5ef3a7b83e50c8193acbf80c20b9280ed"}
,"/Users/justyna/ROZNE/ReactNativeAnimations/twitter_animation_responsive/src/context/ScreenSizeContext.ts": {"path":"/Users/justyna/ROZNE/ReactNativeAnimations/twitter_animation_responsive/src/context/ScreenSizeContext.ts","statementMap":{"0":{"start":{"line":4,"column":23},"end":{"line":6,"column":1}},"1":{"start":{"line":8,"column":33},"end":{"line":8,"column":68}}},"fnMap":{},"branchMap":{},"s":{"0":1,"1":1},"f":{},"b":{},"_coverageSchema":"43e27e138ebf9cfc5966b082cf9a028302ed4184","hash":"9e32c8e68ccbae02d199c8c36e8c92c30ebdda28"}
,"/Users/justyna/ROZNE/ReactNativeAnimations/twitter_animation_responsive/src/utils/TestingUtils.ts": {"path":"/Users/justyna/ROZNE/ReactNativeAnimations/twitter_animation_responsive/src/utils/TestingUtils.ts","statementMap":{"0":{"start":{"line":11,"column":25},"end":{"line":17,"column":1}},"1":{"start":{"line":12,"column":4},"end":{"line":14,"column":5}},"2":{"start":{"line":13,"column":8},"end":{"line":13,"column":22}},"3":{"start":{"line":16,"column":4},"end":{"line":16,"column":21}},"4":{"start":{"line":25,"column":28},"end":{"line":30,"column":1}},"5":{"start":{"line":29,"column":8},"end":{"line":29,"column":136}},"6":{"start":{"line":29,"column":104},"end":{"line":29,"column":134}}},"fnMap":{"0":{"name":"(anonymous_0)","decl":{"start":{"line":11,"column":25},"end":{"line":11,"column":26}},"loc":{"start":{"line":11,"column":65},"end":{"line":17,"column":1}},"line":11},"1":{"name":"(anonymous_1)","decl":{"start":{"line":25,"column":28},"end":{"line":25,"column":29}},"loc":{"start":{"line":28,"column":70},"end":{"line":30,"column":1}},"line":28},"2":{"name":"(anonymous_2)","decl":{"start":{"line":29,"column":33},"end":{"line":29,"column":34}},"loc":{"start":{"line":29,"column":104},"end":{"line":29,"column":134}},"line":29}},"branchMap":{"0":{"loc":{"start":{"line":12,"column":4},"end":{"line":14,"column":5}},"type":"if","locations":[{"start":{"line":12,"column":4},"end":{"line":14,"column":5}},{"start":{"line":12,"column":4},"end":{"line":14,"column":5}}],"line":12}},"s":{"0":4,"1":8,"2":7,"3":1,"4":4,"5":4,"6":10},"f":{"0":8,"1":4,"2":10},"b":{"0":[7,1]},"_coverageSchema":"43e27e138ebf9cfc5966b082cf9a028302ed4184","hash":"60064e287dcce1202ddf56f8e5b2afd8c81a0d4a"}
,"/Users/justyna/ROZNE/ReactNativeAnimations/twitter_animation_responsive/src/utils/colors.ts": {"path":"/Users/justyna/ROZNE/ReactNativeAnimations/twitter_animation_responsive/src/utils/colors.ts","statementMap":{"0":{"start":{"line":1,"column":22},"end":{"line":7,"column":1}}},"fnMap":{},"branchMap":{},"s":{"0":3},"f":{},"b":{},"_coverageSchema":"43e27e138ebf9cfc5966b082cf9a028302ed4184","hash":"0b4c4b45092704eb3aeabe5cdb815cc596017e05"}
,"/Users/justyna/ROZNE/ReactNativeAnimations/twitter_animation_responsive/src/utils/images.ts": {"path":"/Users/justyna/ROZNE/ReactNativeAnimations/twitter_animation_responsive/src/utils/images.ts","statementMap":{"0":{"start":{"line":1,"column":22},"end":{"line":3,"column":1}}},"fnMap":{},"branchMap":{},"s":{"0":2},"f":{},"b":{},"_coverageSchema":"43e27e138ebf9cfc5966b082cf9a028302ed4184","hash":"f4e4fa6e5d3841b509e3366263a972e8303a0e0f"}
}
