{"/Users/justyna/ROZNE/ReactNativeAnimations/twitter_animation_responsive/App.tsx": {"path":"/Users/justyna/ROZNE/ReactNativeAnimations/twitter_animation_responsive/App.tsx","statementMap":{"0":{"start":{"line":12,"column":21},"end":{"line":17,"column":2}},"1":{"start":{"line":21,"column":4},"end":{"line":27,"column":6}},"2":{"start":{"line":31,"column":15},"end":{"line":48,"column":2}}},"fnMap":{"0":{"name":"(anonymous_0)","decl":{"start":{"line":20,"column":2},"end":{"line":20,"column":3}},"loc":{"start":{"line":20,"column":11},"end":{"line":28,"column":3}},"line":20}},"branchMap":{},"s":{"0":1,"1":1,"2":1},"f":{"0":1},"b":{},"_coverageSchema":"43e27e138ebf9cfc5966b082cf9a028302ed4184","hash":"9339e4ca18e9d901d05aff26bd98543c987922a5"}
}
