TN:
SF:/Users/justyna/ROZNE/ReactNativeAnimations/twitter_animation_responsive/App.tsx
FN:8,App
FN:11,(anonymous_1)
FNF:2
FNH:1
FNDA:1,App
FNDA:0,(anonymous_1)
DA:9,1
DA:11,1
DA:12,0
DA:15,1
DA:24,1
LF:5
LH:4
BRF:0
BRH:0
end_of_record
TN:
SF:/Users/justyna/ROZNE/ReactNativeAnimations/twitter_animation_responsive/assets/images/me.jpeg
FNF:0
FNH:0
DA:1,2
LF:1
LH:1
BRF:0
BRH:0
end_of_record
TN:
SF:/Users/justyna/ROZNE/ReactNativeAnimations/twitter_animation_responsive/src/Avatar.tsx
FN:14,(anonymous_0)
FNF:1
FNH:1
FNDA:3,(anonymous_0)
DA:14,2
DA:15,3
DA:17,3
DA:36,2
LF:4
LH:4
BRF:0
BRH:0
end_of_record
TN:
SF:/Users/justyna/ROZNE/ReactNativeAnimations/twitter_animation_responsive/src/Header.tsx
FN:13,(anonymous_0)
FNF:1
FNH:1
FNDA:3,(anonymous_0)
DA:13,2
DA:14,3
DA:16,3
DA:30,2
LF:4
LH:4
BRF:0
BRH:0
end_of_record
TN:
SF:/Users/justyna/ROZNE/ReactNativeAnimations/twitter_animation_responsive/src/MainScreen.tsx
FN:10,(anonymous_0)
FNF:1
FNH:0
FNDA:0,(anonymous_0)
DA:10,1
DA:11,0
DA:12,0
DA:14,0
DA:22,0
DA:24,0
DA:26,0
DA:61,1
LF:8
LH:2
BRF:0
BRH:0
end_of_record
TN:
SF:/Users/justyna/ROZNE/ReactNativeAnimations/twitter_animation_responsive/src/animations/Animations.ts
FN:28,(anonymous_0)
FN:38,(anonymous_1)
FN:48,(anonymous_2)
FN:61,(anonymous_3)
FN:71,(anonymous_4)
FN:94,(anonymous_5)
FNF:6
FNH:0
FNDA:0,(anonymous_0)
FNDA:0,(anonymous_1)
FNDA:0,(anonymous_2)
FNDA:0,(anonymous_3)
FNDA:0,(anonymous_4)
FNDA:0,(anonymous_5)
DA:28,1
DA:31,0
DA:38,1
DA:41,0
DA:48,1
DA:51,0
DA:61,1
DA:64,0
DA:71,1
DA:74,0
DA:75,0
DA:77,0
DA:94,1
DA:102,0
DA:104,0
DA:110,0
DA:118,0
DA:125,0
DA:131,0
DA:140,0
LF:20
LH:6
BRF:0
BRH:0
end_of_record
TN:
SF:/Users/justyna/ROZNE/ReactNativeAnimations/twitter_animation_responsive/src/animations/helpers.ts
FN:3,(anonymous_0)
FN:11,(anonymous_1)
FN:15,(anonymous_2)
FNF:3
FNH:0
FNDA:0,(anonymous_0)
FNDA:0,(anonymous_1)
FNDA:0,(anonymous_2)
DA:3,1
DA:4,0
DA:5,0
DA:8,0
DA:11,1
DA:12,0
DA:15,1
DA:16,0
LF:8
LH:3
BRDA:4,0,0,0
BRDA:4,0,1,0
BRF:2
BRH:0
end_of_record
TN:
SF:/Users/justyna/ROZNE/ReactNativeAnimations/twitter_animation_responsive/src/context/ScreenSizeContext.ts
FNF:0
FNH:0
DA:4,1
DA:8,1
LF:2
LH:2
BRF:0
BRH:0
end_of_record
TN:
SF:/Users/justyna/ROZNE/ReactNativeAnimations/twitter_animation_responsive/src/utils/TestingUtils.ts
FN:11,(anonymous_0)
FN:25,(anonymous_1)
FN:29,(anonymous_2)
FNF:3
FNH:3
FNDA:8,(anonymous_0)
FNDA:4,(anonymous_1)
FNDA:10,(anonymous_2)
DA:11,4
DA:12,8
DA:13,7
DA:16,1
DA:25,4
DA:29,10
LF:6
LH:6
BRDA:12,0,0,7
BRDA:12,0,1,1
BRF:2
BRH:2
end_of_record
TN:
SF:/Users/justyna/ROZNE/ReactNativeAnimations/twitter_animation_responsive/src/utils/colors.ts
FNF:0
FNH:0
DA:1,3
LF:1
LH:1
BRF:0
BRH:0
end_of_record
TN:
SF:/Users/justyna/ROZNE/ReactNativeAnimations/twitter_animation_responsive/src/utils/images.ts
FNF:0
FNH:0
DA:1,2
LF:1
LH:1
BRF:0
BRH:0
end_of_record
