TN:
SF:/Users/justyna/ROZNE/ReactNativeAnimations/twitter_animation_responsive/App.tsx
FN:8,App
FN:11,(anonymous_1)
FNF:2
FNH:1
FNDA:1,App
FNDA:0,(anonymous_1)
DA:9,1
DA:11,1
DA:12,0
DA:15,1
DA:24,1
LF:5
LH:4
BRF:0
BRH:0
end_of_record
TN:
SF:/Users/justyna/ROZNE/ReactNativeAnimations/twitter_animation_responsive/assets/images/me.jpeg
FNF:0
FNH:0
DA:1,3
LF:1
LH:1
BRF:0
BRH:0
end_of_record
TN:
SF:/Users/justyna/ROZNE/ReactNativeAnimations/twitter_animation_responsive/src/Avatar.tsx
FN:14,(anonymous_0)
FNF:1
FNH:1
FNDA:3,(anonymous_0)
DA:14,3
DA:15,3
DA:17,3
DA:36,3
LF:4
LH:4
BRF:0
BRH:0
end_of_record
TN:
SF:/Users/justyna/ROZNE/ReactNativeAnimations/twitter_animation_responsive/src/Header.tsx
FN:13,(anonymous_0)
FNF:1
FNH:1
FNDA:3,(anonymous_0)
DA:13,3
DA:14,3
DA:16,3
DA:30,3
LF:4
LH:4
BRF:0
BRH:0
end_of_record
TN:
SF:/Users/justyna/ROZNE/ReactNativeAnimations/twitter_animation_responsive/src/MainScreen.tsx
FN:11,(anonymous_0)
FNF:1
FNH:1
FNDA:1,(anonymous_0)
DA:11,2
DA:12,1
DA:13,1
DA:15,1
DA:23,1
DA:25,1
DA:27,1
DA:63,2
LF:8
LH:8
BRF:0
BRH:0
end_of_record
TN:
SF:/Users/justyna/ROZNE/ReactNativeAnimations/twitter_animation_responsive/src/animations/Animations.ts
FN:28,(anonymous_0)
FN:38,(anonymous_1)
FN:48,(anonymous_2)
FN:61,(anonymous_3)
FN:71,(anonymous_4)
FN:94,(anonymous_5)
FNF:6
FNH:6
FNDA:1,(anonymous_0)
FNDA:1,(anonymous_1)
FNDA:1,(anonymous_2)
FNDA:1,(anonymous_3)
FNDA:1,(anonymous_4)
FNDA:1,(anonymous_5)
DA:28,2
DA:31,1
DA:38,2
DA:41,1
DA:48,2
DA:51,1
DA:61,2
DA:64,1
DA:71,2
DA:74,1
DA:75,1
DA:77,1
DA:94,2
DA:102,1
DA:104,1
DA:110,1
DA:118,1
DA:125,1
DA:131,1
DA:140,1
LF:20
LH:20
BRF:0
BRH:0
end_of_record
TN:
SF:/Users/justyna/ROZNE/ReactNativeAnimations/twitter_animation_responsive/src/animations/helpers.ts
FN:3,(anonymous_0)
FN:11,(anonymous_1)
FN:15,(anonymous_2)
FNF:3
FNH:3
FNDA:3,(anonymous_0)
FNDA:4,(anonymous_1)
FNDA:4,(anonymous_2)
DA:3,3
DA:4,3
DA:5,1
DA:8,2
DA:11,3
DA:12,4
DA:15,3
DA:16,4
LF:8
LH:8
BRDA:4,0,0,1
BRDA:4,0,1,2
BRF:2
BRH:2
end_of_record
TN:
SF:/Users/justyna/ROZNE/ReactNativeAnimations/twitter_animation_responsive/src/context/ScreenSizeContext.ts
FNF:0
FNH:0
DA:4,2
DA:8,2
LF:2
LH:2
BRF:0
BRH:0
end_of_record
TN:
SF:/Users/justyna/ROZNE/ReactNativeAnimations/twitter_animation_responsive/src/utils/TestingUtils.ts
FN:11,(anonymous_0)
FN:25,(anonymous_1)
FN:29,(anonymous_2)
FNF:3
FNH:3
FNDA:9,(anonymous_0)
FNDA:4,(anonymous_1)
FNDA:10,(anonymous_2)
DA:11,5
DA:12,9
DA:13,8
DA:16,1
DA:25,5
DA:29,10
LF:6
LH:6
BRDA:12,0,0,8
BRDA:12,0,1,1
BRF:2
BRH:2
end_of_record
TN:
SF:/Users/justyna/ROZNE/ReactNativeAnimations/twitter_animation_responsive/src/utils/colors.ts
FNF:0
FNH:0
DA:1,4
LF:1
LH:1
BRF:0
BRH:0
end_of_record
TN:
SF:/Users/justyna/ROZNE/ReactNativeAnimations/twitter_animation_responsive/src/utils/images.ts
FNF:0
FNH:0
DA:1,3
LF:1
LH:1
BRF:0
BRH:0
end_of_record
